<?xml version="1.0" encoding="UTF-8"?>
<!-- Generated by org.testng.reporters.JUnitXMLReporter -->
<testsuite ignored="4" hostname="IN2410947W1" failures="0" tests="1" name="Default test" time="0.491" errors="0" timestamp="2025-01-31T00:39:40 IST">
  <testcase classname="api.test.UserTests" name="samy" time="0.007"/>
  <testcase classname="api.test.UserTests" name="testDeleteUserByName" time="0.0">
    <ignored/>
  </testcase> <!-- testDeleteUserByName -->
  <testcase classname="api.test.UserTests" name="testPostUser" time="0.0">
    <ignored/>
  </testcase> <!-- testPostUser -->
  <testcase classname="api.test.UserTests" name="testGetUserByName" time="0.0">
    <ignored/>
  </testcase> <!-- testGetUserByName -->
  <testcase classname="api.test.UserTests" name="testUpdateUserByName" time="0.0">
    <ignored/>
  </testcase> <!-- testUpdateUserByName -->
</testsuite> <!-- Default test -->
