<?xml version="1.0" encoding="UTF-8"?>
<!-- Generated by org.testng.reporters.JUnitXMLReporter -->
<testsuite ignored="0" hostname="DESKTOP-LLJLODJ" failures="0" tests="4" name="PetTest" time="12.695" errors="0" timestamp="2025-01-31T23:06:30 IST">
  <testcase classname="api.test.UserTests" name="testPostUser" time="4.901"/>
  <testcase classname="api.test.UserTests" name="testGetUserByName" time="1.473"/>
  <testcase classname="api.test.UserTests" name="testUpdateUserByName" time="3.065"/>
  <testcase classname="api.test.UserTests" name="testDeleteUserByName" time="1.528"/>
</testsuite> <!-- PetTest -->
